\BOOKMARK [0][-]{chapter.1}{Introduction}{}
\BOOKMARK [1][-]{section.1.1}{What is Qualimap?}{chapter.1}
\BOOKMARK [1][-]{section.1.2}{Installation}{chapter.1}
\BOOKMARK [1][-]{section.1.3}{Requirements}{chapter.1}
\BOOKMARK [1][-]{section.1.4}{Installing Qualimap on Ubuntu}{chapter.1}
\BOOKMARK [0][-]{chapter.2}{Workflow}{}
\BOOKMARK [1][-]{section.2.1}{Starting a new analysis}{chapter.2}
\BOOKMARK [1][-]{section.2.2}{Viewing the results of the analysis}{chapter.2}
\BOOKMARK [1][-]{section.2.3}{Exporting results}{chapter.2}
\BOOKMARK [1][-]{section.2.4}{Using tools}{chapter.2}
\BOOKMARK [0][-]{chapter.3}{Analysis types}{}
\BOOKMARK [1][-]{section.3.1}{Genomic}{chapter.3}
\BOOKMARK [1][-]{section.3.2}{RNA-seq}{chapter.3}
\BOOKMARK [1][-]{section.3.3}{Epigenomic \(Clustering\)}{chapter.3}
\BOOKMARK [1][-]{section.3.4}{Compute counts}{chapter.3}
\BOOKMARK [0][-]{chapter.4}{Command line interface}{}
\BOOKMARK [1][-]{section.4.1}{General description}{chapter.4}
\BOOKMARK [1][-]{section.4.2}{Genomic}{chapter.4}
\BOOKMARK [1][-]{section.4.3}{RNA-seq}{chapter.4}
\BOOKMARK [1][-]{section.4.4}{Epigenomic}{chapter.4}
\BOOKMARK [1][-]{section.4.5}{Compute counts}{chapter.4}
